[ 2017-04-09T18:46:56+08:00 ] ::1 /majinming/
INFO: [ app_init ] --START--
INFO: Run Behavior\BuildLiteBehavior [ RunTime:0.000019s ]
INFO: [ app_init ] --END-- [ RunTime:0.005210s ]
INFO: [ app_begin ] --START--
INFO: Run Behavior\ReadHtmlCacheBehavior [ RunTime:0.006855s ]
INFO: [ app_begin ] --END-- [ RunTime:0.006943s ]
NOTIC: [8] Undefined index: name G:\xampp\htdocs\majinming\Application\Home\Controller\IndexController.class.php 第 7 行.
SQL: SHOW COLUMNS FROM `mjm_user` [ RunTime:0.0278s ]
SQL: SELECT * FROM `mjm_user` ORDER BY grade desc LIMIT 3   [ RunTime:0.0270s ]
INFO: [ view_parse ] --START--
INFO: [ template_filter ] --START--
INFO: Run Behavior\ContentReplaceBehavior [ RunTime:0.005414s ]
INFO: [ template_filter ] --END-- [ RunTime:0.005497s ]
INFO: Run Behavior\ParseTemplateBehavior [ RunTime:0.092771s ]
INFO: [ view_parse ] --END-- [ RunTime:0.092872s ]
INFO: [ view_filter ] --START--
INFO: Run Behavior\WriteHtmlCacheBehavior [ RunTime:0.006303s ]
INFO: [ view_filter ] --END-- [ RunTime:0.006363s ]
INFO: [ app_end ] --START--
INFO: Run Behavior\ShowPageTraceBehavior [ RunTime:0.017836s ]
INFO: [ app_end ] --END-- [ RunTime:0.017911s ]

[ 2017-04-09T18:46:58+08:00 ] ::1 /majinming/index.php/Index/index2
INFO: [ app_init ] --START--
INFO: Run Behavior\BuildLiteBehavior [ RunTime:0.000018s ]
INFO: [ app_init ] --END-- [ RunTime:0.000416s ]
INFO: [ app_begin ] --START--
INFO: Run Behavior\ReadHtmlCacheBehavior [ RunTime:0.000536s ]
INFO: [ app_begin ] --END-- [ RunTime:0.000600s ]
NOTIC: [8] Undefined index: name G:\xampp\htdocs\majinming\Application\Home\Controller\IndexController.class.php 第 16 行.
SQL: SHOW COLUMNS FROM `mjm_user` [ RunTime:0.0042s ]
SQL: SELECT * FROM `mjm_user` ORDER BY grade desc LIMIT 3   [ RunTime:0.0006s ]
SQL: SHOW COLUMNS FROM `mjm_lunwen` [ RunTime:0.0449s ]
SQL: SELECT * FROM `mjm_lunwen` ORDER BY cishu desc LIMIT 3   [ RunTime:0.0177s ]
SQL: SELECT * FROM `mjm_user` WHERE `uid` = '20' LIMIT 1   [ RunTime:0.0005s ]
SQL: SELECT * FROM `mjm_user` WHERE `uid` = '1' LIMIT 1   [ RunTime:0.0003s ]
SQL: SELECT * FROM `mjm_user` WHERE `uid` = '20' LIMIT 1   [ RunTime:0.0002s ]
INFO: [ view_parse ] --START--
INFO: [ template_filter ] --START--
INFO: Run Behavior\ContentReplaceBehavior [ RunTime:0.000104s ]
INFO: [ template_filter ] --END-- [ RunTime:0.000189s ]
INFO: Run Behavior\ParseTemplateBehavior [ RunTime:0.039807s ]
INFO: [ view_parse ] --END-- [ RunTime:0.039914s ]
INFO: [ view_filter ] --START--
INFO: Run Behavior\WriteHtmlCacheBehavior [ RunTime:0.000287s ]
INFO: [ view_filter ] --END-- [ RunTime:0.000337s ]
INFO: [ app_end ] --START--
INFO: Run Behavior\ShowPageTraceBehavior [ RunTime:0.000568s ]
INFO: [ app_end ] --END-- [ RunTime:0.000629s ]

[ 2017-04-09T18:46:58+08:00 ] ::1 /majinming/index.php/Index/assets/js/jquery.min.js
INFO: [ app_init ] --START--
INFO: Run Behavior\BuildLiteBehavior [ RunTime:0.000030s ]
INFO: [ app_init ] --END-- [ RunTime:0.000904s ]
INFO: [ app_begin ] --START--
INFO: Run Behavior\ReadHtmlCacheBehavior [ RunTime:0.000829s ]
INFO: [ app_begin ] --END-- [ RunTime:0.000923s ]
ERR: 非法操作:assets

[ 2017-04-09T18:46:58+08:00 ] ::1 /majinming/index.php/Index/assets/js/jquery.dropotron.min.js
INFO: [ app_init ] --START--
INFO: Run Behavior\BuildLiteBehavior [ RunTime:0.000028s ]
INFO: [ app_init ] --END-- [ RunTime:0.000608s ]
INFO: [ app_begin ] --START--
INFO: Run Behavior\ReadHtmlCacheBehavior [ RunTime:0.000820s ]
INFO: [ app_begin ] --END-- [ RunTime:0.000932s ]
ERR: 非法操作:assets

[ 2017-04-09T18:46:59+08:00 ] ::1 /majinming/index.php/Index/assets/js/util.js
INFO: [ app_init ] --START--
INFO: Run Behavior\BuildLiteBehavior [ RunTime:0.000028s ]
INFO: [ app_init ] --END-- [ RunTime:0.000688s ]
INFO: [ app_begin ] --START--
INFO: Run Behavior\ReadHtmlCacheBehavior [ RunTime:0.001388s ]
INFO: [ app_begin ] --END-- [ RunTime:0.001509s ]
ERR: 非法操作:assets

[ 2017-04-09T18:46:59+08:00 ] ::1 /majinming/index.php/Index/assets/js/jquery.scrollgress.min.js
INFO: [ app_init ] --START--
INFO: Run Behavior\BuildLiteBehavior [ RunTime:0.000036s ]
INFO: [ app_init ] --END-- [ RunTime:0.001136s ]
INFO: [ app_begin ] --START--
INFO: Run Behavior\ReadHtmlCacheBehavior [ RunTime:0.001051s ]
INFO: [ app_begin ] --END-- [ RunTime:0.001161s ]
ERR: 非法操作:assets

[ 2017-04-09T18:46:59+08:00 ] ::1 /majinming/index.php/Index/assets/js/skel.min.js
INFO: [ app_init ] --START--
INFO: Run Behavior\BuildLiteBehavior [ RunTime:0.000037s ]
INFO: [ app_init ] --END-- [ RunTime:0.001005s ]
INFO: [ app_begin ] --START--
INFO: Run Behavior\ReadHtmlCacheBehavior [ RunTime:0.014518s ]
INFO: [ app_begin ] --END-- [ RunTime:0.014629s ]
ERR: 非法操作:assets

[ 2017-04-09T18:46:59+08:00 ] ::1 /majinming/index.php/Index/assets/js/main.js
INFO: [ app_init ] --START--
INFO: Run Behavior\BuildLiteBehavior [ RunTime:0.000030s ]
INFO: [ app_init ] --END-- [ RunTime:0.001964s ]
INFO: [ app_begin ] --START--
INFO: Run Behavior\ReadHtmlCacheBehavior [ RunTime:0.000794s ]
INFO: [ app_begin ] --END-- [ RunTime:0.000908s ]
ERR: 非法操作:assets

[ 2017-04-09T18:46:59+08:00 ] ::1 /majinming/
INFO: [ app_init ] --START--
INFO: Run Behavior\BuildLiteBehavior [ RunTime:0.000037s ]
INFO: [ app_init ] --END-- [ RunTime:0.000923s ]
INFO: [ app_begin ] --START--
INFO: Run Behavior\ReadHtmlCacheBehavior [ RunTime:0.000913s ]
INFO: [ app_begin ] --END-- [ RunTime:0.001034s ]
NOTIC: [8] Undefined index: name G:\xampp\htdocs\majinming\Application\Home\Controller\IndexController.class.php 第 7 行.
SQL: SHOW COLUMNS FROM `mjm_user` [ RunTime:0.0174s ]
SQL: SELECT * FROM `mjm_user` ORDER BY grade desc LIMIT 3   [ RunTime:0.0011s ]
INFO: [ view_parse ] --START--
INFO: [ template_filter ] --START--
INFO: Run Behavior\ContentReplaceBehavior [ RunTime:0.000108s ]
INFO: [ template_filter ] --END-- [ RunTime:0.000260s ]
INFO: Run Behavior\ParseTemplateBehavior [ RunTime:0.010444s ]
INFO: [ view_parse ] --END-- [ RunTime:0.010585s ]
INFO: [ view_filter ] --START--
INFO: Run Behavior\WriteHtmlCacheBehavior [ RunTime:0.000857s ]
INFO: [ view_filter ] --END-- [ RunTime:0.000947s ]
INFO: [ app_end ] --START--
INFO: Run Behavior\ShowPageTraceBehavior [ RunTime:0.001360s ]
INFO: [ app_end ] --END-- [ RunTime:0.001481s ]

[ 2017-04-09T18:46:59+08:00 ] ::1 /majinming/index.php/Index/assets/js/jquery.dropotron.min.js
INFO: [ app_init ] --START--
INFO: Run Behavior\BuildLiteBehavior [ RunTime:0.000018s ]
INFO: [ app_init ] --END-- [ RunTime:0.000429s ]
INFO: [ app_begin ] --START--
INFO: Run Behavior\ReadHtmlCacheBehavior [ RunTime:0.000802s ]
INFO: [ app_begin ] --END-- [ RunTime:0.000911s ]
ERR: 非法操作:assets

[ 2017-04-09T18:46:59+08:00 ] ::1 /majinming/index.php/Index/assets/js/jquery.scrollgress.min.js
INFO: [ app_init ] --START--
INFO: Run Behavior\BuildLiteBehavior [ RunTime:0.000028s ]
INFO: [ app_init ] --END-- [ RunTime:0.000761s ]
INFO: [ app_begin ] --START--
INFO: Run Behavior\ReadHtmlCacheBehavior [ RunTime:0.001390s ]
INFO: [ app_begin ] --END-- [ RunTime:0.001538s ]
ERR: 非法操作:assets

[ 2017-04-09T18:46:59+08:00 ] ::1 /majinming/index.php/Index/assets/js/skel.min.js
INFO: [ app_init ] --START--
INFO: Run Behavior\BuildLiteBehavior [ RunTime:0.000016s ]
INFO: [ app_init ] --END-- [ RunTime:0.000430s ]
INFO: [ app_begin ] --START--
INFO: Run Behavior\ReadHtmlCacheBehavior [ RunTime:0.000540s ]
INFO: [ app_begin ] --END-- [ RunTime:0.000602s ]
ERR: 非法操作:assets

[ 2017-04-09T18:46:59+08:00 ] ::1 /majinming/index.php/Index/assets/js/util.js
INFO: [ app_init ] --START--
INFO: Run Behavior\BuildLiteBehavior [ RunTime:0.000025s ]
INFO: [ app_init ] --END-- [ RunTime:0.000493s ]
INFO: [ app_begin ] --START--
INFO: Run Behavior\ReadHtmlCacheBehavior [ RunTime:0.000761s ]
INFO: [ app_begin ] --END-- [ RunTime:0.000888s ]
ERR: 非法操作:assets

[ 2017-04-09T18:46:59+08:00 ] ::1 /majinming/index.php/Index/assets/js/main.js
INFO: [ app_init ] --START--
INFO: Run Behavior\BuildLiteBehavior [ RunTime:0.000018s ]
INFO: [ app_init ] --END-- [ RunTime:0.000632s ]
INFO: [ app_begin ] --START--
INFO: Run Behavior\ReadHtmlCacheBehavior [ RunTime:0.000578s ]
INFO: [ app_begin ] --END-- [ RunTime:0.000648s ]
ERR: 非法操作:assets

[ 2017-04-09T18:51:18+08:00 ] ::1 /majinming/index.php/User/login
INFO: [ app_init ] --START--
INFO: Run Behavior\BuildLiteBehavior [ RunTime:0.000028s ]
INFO: [ app_init ] --END-- [ RunTime:0.000719s ]
INFO: [ app_begin ] --START--
INFO: Run Behavior\ReadHtmlCacheBehavior [ RunTime:0.001194s ]
INFO: [ app_begin ] --END-- [ RunTime:0.001318s ]
NOTIC: [8] Undefined index: name G:\xampp\htdocs\majinming\Application\Home\Controller\UserController.class.php 第 13 行.
INFO: [ view_parse ] --START--
INFO: [ template_filter ] --START--
INFO: Run Behavior\ContentReplaceBehavior [ RunTime:0.000100s ]
INFO: [ template_filter ] --END-- [ RunTime:0.000220s ]
NOTIC: [8] Use of undefined constant verify - assumed 'verify' G:\xampp\htdocs\majinming\Application\Runtime\Cache\Home\5c9ee6d19cd41add49f97afe3aef0b25.php 第 60 行.
INFO: Run Behavior\ParseTemplateBehavior [ RunTime:0.024382s ]
INFO: [ view_parse ] --END-- [ RunTime:0.024446s ]
INFO: [ view_filter ] --START--
INFO: Run Behavior\WriteHtmlCacheBehavior [ RunTime:0.000595s ]
INFO: [ view_filter ] --END-- [ RunTime:0.000658s ]
INFO: [ app_end ] --START--
INFO: Run Behavior\ShowPageTraceBehavior [ RunTime:0.000732s ]
INFO: [ app_end ] --END-- [ RunTime:0.000793s ]

[ 2017-04-09T18:51:18+08:00 ] ::1 /majinming/index.php/User/css/bootstrap.min.css
INFO: [ app_init ] --START--
INFO: Run Behavior\BuildLiteBehavior [ RunTime:0.000018s ]
INFO: [ app_init ] --END-- [ RunTime:0.000407s ]
INFO: [ app_begin ] --START--
INFO: Run Behavior\ReadHtmlCacheBehavior [ RunTime:0.000538s ]
INFO: [ app_begin ] --END-- [ RunTime:0.000615s ]
ERR: 非法操作:css

[ 2017-04-09T18:51:19+08:00 ] ::1 /majinming/index.php/User/verify.html
INFO: [ app_init ] --START--
INFO: Run Behavior\BuildLiteBehavior [ RunTime:0.000016s ]
INFO: [ app_init ] --END-- [ RunTime:0.000398s ]
INFO: [ app_begin ] --START--
INFO: Run Behavior\ReadHtmlCacheBehavior [ RunTime:0.000497s ]
INFO: [ app_begin ] --END-- [ RunTime:0.000559s ]
INFO: [ app_end ] --START--
INFO: Run Behavior\ShowPageTraceBehavior [ RunTime:0.000689s ]
INFO: [ app_end ] --END-- [ RunTime:0.000775s ]

[ 2017-04-09T18:51:30+08:00 ] ::1 /majinming/index.php/Lunwen/uploadLunwen
INFO: [ app_init ] --START--
INFO: Run Behavior\BuildLiteBehavior [ RunTime:0.000017s ]
INFO: [ app_init ] --END-- [ RunTime:0.000418s ]
INFO: [ app_begin ] --START--
INFO: Run Behavior\ReadHtmlCacheBehavior [ RunTime:0.000523s ]
INFO: [ app_begin ] --END-- [ RunTime:0.000586s ]
NOTIC: [8] Undefined index: name G:\xampp\htdocs\majinming\Application\Home\Controller\LunwenController.class.php 第 8 行.
INFO: [ view_parse ] --START--
INFO: [ template_filter ] --START--
INFO: Run Behavior\ContentReplaceBehavior [ RunTime:0.000049s ]
INFO: [ template_filter ] --END-- [ RunTime:0.000120s ]
INFO: Run Behavior\ParseTemplateBehavior [ RunTime:0.013618s ]
INFO: [ view_parse ] --END-- [ RunTime:0.013692s ]
INFO: [ view_filter ] --START--
INFO: Run Behavior\WriteHtmlCacheBehavior [ RunTime:0.000259s ]
INFO: [ view_filter ] --END-- [ RunTime:0.000307s ]

[ 2017-04-09T18:51:32+08:00 ] ::1 /majinming/index.php/User/login.html
INFO: [ app_init ] --START--
INFO: Run Behavior\BuildLiteBehavior [ RunTime:0.000022s ]
INFO: [ app_init ] --END-- [ RunTime:0.000534s ]
INFO: [ app_begin ] --START--
INFO: Run Behavior\ReadHtmlCacheBehavior [ RunTime:0.000548s ]
INFO: [ app_begin ] --END-- [ RunTime:0.000619s ]
NOTIC: [8] Undefined index: name G:\xampp\htdocs\majinming\Application\Home\Controller\UserController.class.php 第 13 行.
INFO: [ view_parse ] --START--
INFO: [ template_filter ] --START--
INFO: Run Behavior\ContentReplaceBehavior [ RunTime:0.000059s ]
INFO: [ template_filter ] --END-- [ RunTime:0.000135s ]
NOTIC: [8] Use of undefined constant verify - assumed 'verify' G:\xampp\htdocs\majinming\Application\Runtime\Cache\Home\5c9ee6d19cd41add49f97afe3aef0b25.php 第 60 行.
INFO: Run Behavior\ParseTemplateBehavior [ RunTime:0.007103s ]
INFO: [ view_parse ] --END-- [ RunTime:0.007168s ]
INFO: [ view_filter ] --START--
INFO: Run Behavior\WriteHtmlCacheBehavior [ RunTime:0.000273s ]
INFO: [ view_filter ] --END-- [ RunTime:0.000323s ]
INFO: [ app_end ] --START--
INFO: Run Behavior\ShowPageTraceBehavior [ RunTime:0.000718s ]
INFO: [ app_end ] --END-- [ RunTime:0.000805s ]

[ 2017-04-09T18:51:32+08:00 ] ::1 /majinming/index.php/User/css/bootstrap.min.css
INFO: [ app_init ] --START--
INFO: Run Behavior\BuildLiteBehavior [ RunTime:0.000026s ]
INFO: [ app_init ] --END-- [ RunTime:0.000591s ]
INFO: [ app_begin ] --START--
INFO: Run Behavior\ReadHtmlCacheBehavior [ RunTime:0.001038s ]
INFO: [ app_begin ] --END-- [ RunTime:0.001153s ]
ERR: 非法操作:css

[ 2017-04-09T18:51:32+08:00 ] ::1 /majinming/index.php/User/verify.html
INFO: [ app_init ] --START--
INFO: Run Behavior\BuildLiteBehavior [ RunTime:0.000027s ]
INFO: [ app_init ] --END-- [ RunTime:0.000643s ]
INFO: [ app_begin ] --START--
INFO: Run Behavior\ReadHtmlCacheBehavior [ RunTime:0.000695s ]
INFO: [ app_begin ] --END-- [ RunTime:0.000767s ]
INFO: [ app_end ] --START--
INFO: Run Behavior\ShowPageTraceBehavior [ RunTime:0.001314s ]
INFO: [ app_end ] --END-- [ RunTime:0.001427s ]

